2021-07-15 12:36:15 [main] INFO  r.c.l.e.s.LoggingElkStarterApplication - Starting LoggingElkStarterApplication using Java 1.8.0_172 on DESKTOP-IJKVL1E with PID 15124 (D:\repo\logging-aop-boot-starter\logging-elk-starter\build\classes\java\main started by admin in D:\repo\logging-aop-boot-starter\logging-elk-starter)
2021-07-15 12:36:15 [main] INFO  r.c.l.e.s.LoggingElkStarterApplication - No active profile set, falling back to default profiles: default
2021-07-15 12:36:15 [main] INFO  o.s.b.w.e.tomcat.TomcatWebServer - Tomcat initialized with port(s): 8184 (http)
2021-07-15 12:36:15 [main] INFO  o.a.coyote.http11.Http11NioProtocol - Initializing ProtocolHandler ["http-nio-8184"]
2021-07-15 12:36:15 [main] INFO  o.a.catalina.core.StandardService - Starting service [Tomcat]
2021-07-15 12:36:15 [main] INFO  o.a.catalina.core.StandardEngine - Starting Servlet engine: [Apache Tomcat/9.0.48]
2021-07-15 12:36:15 [main] INFO  o.a.c.c.C.[Tomcat].[localhost].[/] - Initializing Spring embedded WebApplicationContext
2021-07-15 12:36:15 [main] INFO  o.s.b.w.s.c.ServletWebServerApplicationContext - Root WebApplicationContext: initialization completed in 617 ms
2021-07-15 12:36:15 [main] INFO  o.a.coyote.http11.Http11NioProtocol - Starting ProtocolHandler ["http-nio-8184"]
2021-07-15 12:36:15 [main] INFO  o.s.b.w.e.tomcat.TomcatWebServer - Tomcat started on port(s): 8184 (http) with context path ''
2021-07-15 12:36:16 [main] INFO  r.c.l.e.s.LoggingElkStarterApplication - Started LoggingElkStarterApplication in 1.341 seconds (JVM running for 2.055)
2021-07-15 12:36:16 [main] WARN  r.c.l.e.s.LoggingElkStarterApplication - =========Hello from LoggingElkStarter to logstash==========
2021-07-15 12:40:35.717 ERROR 2176 --- [main] o.s.boot.SpringApplication               : Application run failed
%PARSER_ERROR[wEx]java.lang.IllegalStateException: java.lang.IllegalStateException: Logback configuration error detected: 
ERROR in ch.qos.logback.core.pattern.parser.Compiler@42b3b079 - There is no conversion class registered for conversion word [wEx]
ERROR in ch.qos.logback.core.pattern.parser.Compiler@42b3b079 - [wEx] is not a valid conversion word
	at org.springframework.boot.context.logging.LoggingApplicationListener.initializeSystem(LoggingApplicationListener.java:328)
	at org.springframework.boot.context.logging.LoggingApplicationListener.initialize(LoggingApplicationListener.java:282)
	at org.springframework.boot.context.logging.LoggingApplicationListener.onApplicationEnvironmentPreparedEvent(LoggingApplicationListener.java:240)
	at org.springframework.boot.context.logging.LoggingApplicationListener.onApplicationEvent(LoggingApplicationListener.java:216)
	at org.springframework.context.event.SimpleApplicationEventMulticaster.doInvokeListener(SimpleApplicationEventMulticaster.java:176)
	at org.springframework.context.event.SimpleApplicationEventMulticaster.invokeListener(SimpleApplicationEventMulticaster.java:169)
	at org.springframework.context.event.SimpleApplicationEventMulticaster.multicastEvent(SimpleApplicationEventMulticaster.java:143)
	at org.springframework.context.event.SimpleApplicationEventMulticaster.multicastEvent(SimpleApplicationEventMulticaster.java:131)
	at org.springframework.boot.context.event.EventPublishingRunListener.environmentPrepared(EventPublishingRunListener.java:82)
	at org.springframework.boot.SpringApplicationRunListeners.lambda$environmentPrepared$2(SpringApplicationRunListeners.java:63)
	at java.util.ArrayList.forEach(ArrayList.java:1257)
	at org.springframework.boot.SpringApplicationRunListeners.doWithListeners(SpringApplicationRunListeners.java:117)
	at org.springframework.boot.SpringApplicationRunListeners.doWithListeners(SpringApplicationRunListeners.java:111)
	at org.springframework.boot.SpringApplicationRunListeners.environmentPrepared(SpringApplicationRunListeners.java:62)
	at org.springframework.boot.SpringApplication.prepareEnvironment(SpringApplication.java:374)
	at org.springframework.boot.SpringApplication.run(SpringApplication.java:332)
	at org.springframework.boot.SpringApplication.run(SpringApplication.java:1343)
	at org.springframework.boot.SpringApplication.run(SpringApplication.java:1332)
	at ru.clevertec.logging.elk.starter.LoggingElkStarterApplication.main(LoggingElkStarterApplication.java:20)
Caused by: java.lang.IllegalStateException: Logback configuration error detected: 
ERROR in ch.qos.logback.core.pattern.parser.Compiler@42b3b079 - There is no conversion class registered for conversion word [wEx]
ERROR in ch.qos.logback.core.pattern.parser.Compiler@42b3b079 - [wEx] is not a valid conversion word
	at org.springframework.boot.logging.logback.LogbackLoggingSystem.loadConfiguration(LogbackLoggingSystem.java:179)
	at org.springframework.boot.logging.AbstractLoggingSystem.initializeWithConventions(AbstractLoggingSystem.java:80)
	at org.springframework.boot.logging.AbstractLoggingSystem.initialize(AbstractLoggingSystem.java:60)
	at org.springframework.boot.logging.logback.LogbackLoggingSystem.initialize(LogbackLoggingSystem.java:132)
	at org.springframework.boot.context.logging.LoggingApplicationListener.initializeSystem(LoggingApplicationListener.java:313)
	... 18 common frames omitted
2021-07-15 12:42:43 [main] INFO  r.c.l.e.s.LoggingElkStarterApplication - Starting LoggingElkStarterApplication using Java 1.8.0_172 on DESKTOP-IJKVL1E with PID 5284 (D:\repo\logging-aop-boot-starter\logging-elk-starter\build\classes\java\main started by admin in D:\repo\logging-aop-boot-starter\logging-elk-starter)
2021-07-15 12:42:43 [main] INFO  r.c.l.e.s.LoggingElkStarterApplication - No active profile set, falling back to default profiles: default
2021-07-15 12:42:44 [main] INFO  o.s.b.w.e.tomcat.TomcatWebServer - Tomcat initialized with port(s): 8184 (http)
2021-07-15 12:42:44 [main] INFO  o.a.coyote.http11.Http11NioProtocol - Initializing ProtocolHandler ["http-nio-8184"]
2021-07-15 12:42:44 [main] INFO  o.a.catalina.core.StandardService - Starting service [Tomcat]
2021-07-15 12:42:44 [main] INFO  o.a.catalina.core.StandardEngine - Starting Servlet engine: [Apache Tomcat/9.0.48]
2021-07-15 12:42:44 [main] INFO  o.a.c.c.C.[Tomcat].[localhost].[/] - Initializing Spring embedded WebApplicationContext
2021-07-15 12:42:44 [main] INFO  o.s.b.w.s.c.ServletWebServerApplicationContext - Root WebApplicationContext: initialization completed in 570 ms
2021-07-15 12:42:44 [main] INFO  o.a.coyote.http11.Http11NioProtocol - Starting ProtocolHandler ["http-nio-8184"]
2021-07-15 12:42:44 [main] INFO  o.s.b.w.e.tomcat.TomcatWebServer - Tomcat started on port(s): 8184 (http) with context path ''
2021-07-15 12:42:44 [main] INFO  r.c.l.e.s.LoggingElkStarterApplication - Started LoggingElkStarterApplication in 1.31 seconds (JVM running for 2.041)
2021-07-15 12:42:44 [main] WARN  r.c.l.e.s.LoggingElkStarterApplication - =========Hello from LoggingElkStarter to logstash==========
12:45:51.779 [main] INFO  r.c.l.e.s.LoggingElkStarterApplication - Starting LoggingElkStarterApplication using Java 1.8.0_172 on DESKTOP-IJKVL1E with PID 4468 (D:\repo\logging-aop-boot-starter\logging-elk-starter\build\classes\java\main started by admin in D:\repo\logging-aop-boot-starter\logging-elk-starter)
12:45:51.781 [main] INFO  r.c.l.e.s.LoggingElkStarterApplication - No active profile set, falling back to default profiles: default
12:45:52.316 [main] INFO  o.s.b.w.e.tomcat.TomcatWebServer - Tomcat initialized with port(s): 8184 (http)
12:45:52.322 [main] INFO  o.a.coyote.http11.Http11NioProtocol - Initializing ProtocolHandler ["http-nio-8184"]
12:45:52.322 [main] INFO  o.a.catalina.core.StandardService - Starting service [Tomcat]
12:45:52.323 [main] INFO  o.a.catalina.core.StandardEngine - Starting Servlet engine: [Apache Tomcat/9.0.48]
12:45:52.378 [main] INFO  o.a.c.c.C.[Tomcat].[localhost].[/] - Initializing Spring embedded WebApplicationContext
12:45:52.379 [main] INFO  o.s.b.w.s.c.ServletWebServerApplicationContext - Root WebApplicationContext: initialization completed in 567 ms
12:45:52.599 [main] INFO  o.a.coyote.http11.Http11NioProtocol - Starting ProtocolHandler ["http-nio-8184"]
12:45:52.609 [main] INFO  o.s.b.w.e.tomcat.TomcatWebServer - Tomcat started on port(s): 8184 (http) with context path ''
12:45:52.623 [main] INFO  r.c.l.e.s.LoggingElkStarterApplication - Started LoggingElkStarterApplication in 1.26 seconds (JVM running for 2.085)
12:45:52.624 [main] WARN  r.c.l.e.s.LoggingElkStarterApplication - =========Hello from LoggingElkStarter to logstash==========
2021-07-15 12:46:08 [main] INFO  r.c.l.e.s.LoggingElkStarterApplication - Starting LoggingElkStarterApplication using Java 1.8.0_172 on DESKTOP-IJKVL1E with PID 7792 (D:\repo\logging-aop-boot-starter\logging-elk-starter\build\classes\java\main started by admin in D:\repo\logging-aop-boot-starter\logging-elk-starter)
2021-07-15 12:46:08 [main] INFO  r.c.l.e.s.LoggingElkStarterApplication - No active profile set, falling back to default profiles: default
2021-07-15 12:46:08 [main] INFO  o.s.b.w.e.tomcat.TomcatWebServer - Tomcat initialized with port(s): 8184 (http)
2021-07-15 12:46:08 [main] INFO  o.a.coyote.http11.Http11NioProtocol - Initializing ProtocolHandler ["http-nio-8184"]
2021-07-15 12:46:08 [main] INFO  o.a.catalina.core.StandardService - Starting service [Tomcat]
2021-07-15 12:46:08 [main] INFO  o.a.catalina.core.StandardEngine - Starting Servlet engine: [Apache Tomcat/9.0.48]
2021-07-15 12:46:08 [main] INFO  o.a.c.c.C.[Tomcat].[localhost].[/] - Initializing Spring embedded WebApplicationContext
2021-07-15 12:46:08 [main] INFO  o.s.b.w.s.c.ServletWebServerApplicationContext - Root WebApplicationContext: initialization completed in 573 ms
2021-07-15 12:46:08 [main] INFO  o.a.coyote.http11.Http11NioProtocol - Starting ProtocolHandler ["http-nio-8184"]
2021-07-15 12:46:08 [main] INFO  o.s.b.w.e.tomcat.TomcatWebServer - Tomcat started on port(s): 8184 (http) with context path ''
2021-07-15 12:46:08 [main] INFO  r.c.l.e.s.LoggingElkStarterApplication - Started LoggingElkStarterApplication in 1.279 seconds (JVM running for 2.091)
2021-07-15 12:46:08 [main] WARN  r.c.l.e.s.LoggingElkStarterApplication - =========Hello from LoggingElkStarter to logstash==========
2021-07-15 12:48:52 [main] INFO  r.c.l.e.s.LoggingElkStarterApplication - Starting LoggingElkStarterApplication using Java 1.8.0_172 on DESKTOP-IJKVL1E with PID 6592 (D:\repo\logging-aop-boot-starter\logging-elk-starter\build\classes\java\main started by admin in D:\repo\logging-aop-boot-starter\logging-elk-starter)
2021-07-15 12:48:52 [main] INFO  r.c.l.e.s.LoggingElkStarterApplication - No active profile set, falling back to default profiles: default
2021-07-15 12:48:52 [main] INFO  o.s.b.w.e.tomcat.TomcatWebServer - Tomcat initialized with port(s): 8184 (http)
2021-07-15 12:48:52 [main] INFO  o.a.coyote.http11.Http11NioProtocol - Initializing ProtocolHandler ["http-nio-8184"]
2021-07-15 12:48:52 [main] INFO  o.a.catalina.core.StandardService - Starting service [Tomcat]
2021-07-15 12:48:52 [main] INFO  o.a.catalina.core.StandardEngine - Starting Servlet engine: [Apache Tomcat/9.0.48]
2021-07-15 12:48:52 [main] INFO  o.a.c.c.C.[Tomcat].[localhost].[/] - Initializing Spring embedded WebApplicationContext
2021-07-15 12:48:52 [main] INFO  o.s.b.w.s.c.ServletWebServerApplicationContext - Root WebApplicationContext: initialization completed in 577 ms
2021-07-15 12:48:52 [main] INFO  o.a.coyote.http11.Http11NioProtocol - Starting ProtocolHandler ["http-nio-8184"]
2021-07-15 12:48:52 [main] INFO  o.s.b.w.e.tomcat.TomcatWebServer - Tomcat started on port(s): 8184 (http) with context path ''
2021-07-15 12:48:52 [main] INFO  r.c.l.e.s.LoggingElkStarterApplication - Started LoggingElkStarterApplication in 1.282 seconds (JVM running for 2.082)
2021-07-15 12:48:52 [main] WARN  r.c.l.e.s.LoggingElkStarterApplication - =========Hello from LoggingElkStarter to logstash==========
2021-07-15 12:56:10 [main] INFO  r.c.l.e.s.LoggingElkStarterApplication - Starting LoggingElkStarterApplication using Java 1.8.0_172 on DESKTOP-IJKVL1E with PID 14400 (D:\repo\logging-aop-boot-starter\logging-elk-starter\build\classes\java\main started by admin in D:\repo\logging-aop-boot-starter\logging-elk-starter)
2021-07-15 12:56:10 [main] INFO  r.c.l.e.s.LoggingElkStarterApplication - No active profile set, falling back to default profiles: default
2021-07-15 12:56:11 [main] INFO  o.s.b.w.e.tomcat.TomcatWebServer - Tomcat initialized with port(s): 8184 (http)
2021-07-15 12:56:11 [main] INFO  o.a.coyote.http11.Http11NioProtocol - Initializing ProtocolHandler ["http-nio-8184"]
2021-07-15 12:56:11 [main] INFO  o.a.catalina.core.StandardService - Starting service [Tomcat]
2021-07-15 12:56:11 [main] INFO  o.a.catalina.core.StandardEngine - Starting Servlet engine: [Apache Tomcat/9.0.48]
2021-07-15 12:56:11 [main] INFO  o.a.c.c.C.[Tomcat].[localhost].[/] - Initializing Spring embedded WebApplicationContext
2021-07-15 12:56:11 [main] INFO  o.s.b.w.s.c.ServletWebServerApplicationContext - Root WebApplicationContext: initialization completed in 571 ms
2021-07-15 12:56:11 [main] INFO  o.a.coyote.http11.Http11NioProtocol - Starting ProtocolHandler ["http-nio-8184"]
2021-07-15 12:56:11 [main] INFO  o.s.b.w.e.tomcat.TomcatWebServer - Tomcat started on port(s): 8184 (http) with context path ''
2021-07-15 12:56:11 [main] INFO  r.c.l.e.s.LoggingElkStarterApplication - Started LoggingElkStarterApplication in 1.262 seconds (JVM running for 2.043)
2021-07-15 12:56:11 [main] WARN  r.c.l.e.s.LoggingElkStarterApplication - =========Hello from LoggingElkStarter to logstash==========
2021-07-15 14:31:18 [main] INFO  r.c.l.e.s.LoggingElkStarterApplication - Starting LoggingElkStarterApplication using Java 1.8.0_172 on DESKTOP-IJKVL1E with PID 10396 (D:\repo\logging-aop-boot-starter\logging-elk-starter\build\classes\java\main started by admin in D:\repo\logging-aop-boot-starter\logging-elk-starter)
2021-07-15 14:31:18 [main] INFO  r.c.l.e.s.LoggingElkStarterApplication - No active profile set, falling back to default profiles: default
2021-07-15 14:31:19 [main] INFO  o.s.b.w.e.tomcat.TomcatWebServer - Tomcat initialized with port(s): 8184 (http)
2021-07-15 14:31:19 [main] INFO  o.a.coyote.http11.Http11NioProtocol - Initializing ProtocolHandler ["http-nio-8184"]
2021-07-15 14:31:19 [main] INFO  o.a.catalina.core.StandardService - Starting service [Tomcat]
2021-07-15 14:31:19 [main] INFO  o.a.catalina.core.StandardEngine - Starting Servlet engine: [Apache Tomcat/9.0.48]
2021-07-15 14:31:19 [main] INFO  o.a.c.c.C.[Tomcat].[localhost].[/] - Initializing Spring embedded WebApplicationContext
2021-07-15 14:31:19 [main] INFO  o.s.b.w.s.c.ServletWebServerApplicationContext - Root WebApplicationContext: initialization completed in 595 ms
2021-07-15 14:31:19 [main] INFO  o.a.coyote.http11.Http11NioProtocol - Starting ProtocolHandler ["http-nio-8184"]
2021-07-15 14:31:19 [main] INFO  o.s.b.w.e.tomcat.TomcatWebServer - Tomcat started on port(s): 8184 (http) with context path ''
2021-07-15 14:31:19 [main] INFO  r.c.l.e.s.LoggingElkStarterApplication - Started LoggingElkStarterApplication in 1.315 seconds (JVM running for 2.073)
2021-07-15 14:31:19 [main] WARN  r.c.l.e.s.LoggingElkStarterApplication - =========Hello from LoggingElkStarter to logstash==========
2021-07-15 14:35:33 [main] INFO  r.c.l.e.s.LoggingElkStarterApplication - Starting LoggingElkStarterApplication using Java 1.8.0_172 on DESKTOP-IJKVL1E with PID 9596 (D:\repo\logging-aop-boot-starter\logging-elk-starter\build\classes\java\main started by admin in D:\repo\logging-aop-boot-starter\logging-elk-starter)
2021-07-15 14:35:33 [main] INFO  r.c.l.e.s.LoggingElkStarterApplication - No active profile set, falling back to default profiles: default
2021-07-15 14:35:33 [main] INFO  o.s.b.w.e.tomcat.TomcatWebServer - Tomcat initialized with port(s): 8184 (http)
2021-07-15 14:35:33 [main] INFO  o.a.coyote.http11.Http11NioProtocol - Initializing ProtocolHandler ["http-nio-8184"]
2021-07-15 14:35:33 [main] INFO  o.a.catalina.core.StandardService - Starting service [Tomcat]
2021-07-15 14:35:33 [main] INFO  o.a.catalina.core.StandardEngine - Starting Servlet engine: [Apache Tomcat/9.0.48]
2021-07-15 14:35:33 [main] INFO  o.a.c.c.C.[Tomcat].[localhost].[/] - Initializing Spring embedded WebApplicationContext
2021-07-15 14:35:33 [main] INFO  o.s.b.w.s.c.ServletWebServerApplicationContext - Root WebApplicationContext: initialization completed in 572 ms
2021-07-15 14:35:33 [main] INFO  o.a.coyote.http11.Http11NioProtocol - Starting ProtocolHandler ["http-nio-8184"]
2021-07-15 14:35:33 [main] INFO  o.s.b.w.e.tomcat.TomcatWebServer - Tomcat started on port(s): 8184 (http) with context path ''
2021-07-15 14:35:34 [main] INFO  r.c.l.e.s.LoggingElkStarterApplication - Started LoggingElkStarterApplication in 1.273 seconds (JVM running for 2.11)
2021-07-15 14:35:34 [main] WARN  r.c.l.e.s.LoggingElkStarterApplication - =========Hello from LoggingElkStarter to logstash==========
